CRITICAL - 2021-03-08 00:43:07 --> Class 'App\Controllers\Post_model' not found
#0 C:\wamp\www\readright\system\CodeIgniter.php(908): App\Controllers\Posts->__construct()
#1 C:\wamp\www\readright\system\CodeIgniter.php(422): CodeIgniter\CodeIgniter->createController()
#2 C:\wamp\www\readright\system\CodeIgniter.php(333): CodeIgniter\CodeIgniter->handleRequest(NULL, Object(Config\Cache), false)
#3 C:\wamp\www\readright\public\index.php(44): CodeIgniter\CodeIgniter->run()
#4 {main}
CRITICAL - 2021-03-08 00:43:12 --> Class 'App\Controllers\Post_model' not found
#0 C:\wamp\www\readright\system\CodeIgniter.php(908): App\Controllers\Posts->__construct()
#1 C:\wamp\www\readright\system\CodeIgniter.php(422): CodeIgniter\CodeIgniter->createController()
#2 C:\wamp\www\readright\system\CodeIgniter.php(333): CodeIgniter\CodeIgniter->handleRequest(NULL, Object(Config\Cache), false)
#3 C:\wamp\www\readright\public\index.php(44): CodeIgniter\CodeIgniter->run()
#4 {main}
CRITICAL - 2021-03-08 00:43:57 --> Class 'App\Controllers\Post_model' not found
#0 C:\wamp\www\readright\system\CodeIgniter.php(908): App\Controllers\Posts->__construct()
#1 C:\wamp\www\readright\system\CodeIgniter.php(422): CodeIgniter\CodeIgniter->createController()
#2 C:\wamp\www\readright\system\CodeIgniter.php(333): CodeIgniter\CodeIgniter->handleRequest(NULL, Object(Config\Cache), false)
#3 C:\wamp\www\readright\public\index.php(44): CodeIgniter\CodeIgniter->run()
#4 {main}
CRITICAL - 2021-03-08 00:44:35 --> Class 'App\Controllers\Post_model' not found
#0 C:\wamp\www\readright\system\CodeIgniter.php(908): App\Controllers\Posts->__construct()
#1 C:\wamp\www\readright\system\CodeIgniter.php(422): CodeIgniter\CodeIgniter->createController()
#2 C:\wamp\www\readright\system\CodeIgniter.php(333): CodeIgniter\CodeIgniter->handleRequest(NULL, Object(Config\Cache), false)
#3 C:\wamp\www\readright\public\index.php(44): CodeIgniter\CodeIgniter->run()
#4 {main}
CRITICAL - 2021-03-08 00:44:37 --> Class 'App\Controllers\Post_model' not found
#0 C:\wamp\www\readright\system\CodeIgniter.php(908): App\Controllers\Posts->__construct()
#1 C:\wamp\www\readright\system\CodeIgniter.php(422): CodeIgniter\CodeIgniter->createController()
#2 C:\wamp\www\readright\system\CodeIgniter.php(333): CodeIgniter\CodeIgniter->handleRequest(NULL, Object(Config\Cache), false)
#3 C:\wamp\www\readright\public\index.php(44): CodeIgniter\CodeIgniter->run()
#4 {main}
CRITICAL - 2021-03-08 00:45:02 --> Class 'App\Controllers\Post_model' not found
#0 C:\wamp\www\readright\system\CodeIgniter.php(908): App\Controllers\Posts->__construct()
#1 C:\wamp\www\readright\system\CodeIgniter.php(422): CodeIgniter\CodeIgniter->createController()
#2 C:\wamp\www\readright\system\CodeIgniter.php(333): CodeIgniter\CodeIgniter->handleRequest(NULL, Object(Config\Cache), false)
#3 C:\wamp\www\readright\public\index.php(44): CodeIgniter\CodeIgniter->run()
#4 {main}
CRITICAL - 2021-03-08 00:45:52 --> Class 'App\Controllers\Post_model' not found
#0 C:\wamp\www\readright\system\CodeIgniter.php(908): App\Controllers\Posts->__construct()
#1 C:\wamp\www\readright\system\CodeIgniter.php(422): CodeIgniter\CodeIgniter->createController()
#2 C:\wamp\www\readright\system\CodeIgniter.php(333): CodeIgniter\CodeIgniter->handleRequest(NULL, Object(Config\Cache), false)
#3 C:\wamp\www\readright\public\index.php(44): CodeIgniter\CodeIgniter->run()
#4 {main}
CRITICAL - 2021-03-08 00:46:55 --> Class 'App\Controllers\Post_model' not found
#0 C:\wamp\www\readright\system\CodeIgniter.php(908): App\Controllers\Posts->__construct()
#1 C:\wamp\www\readright\system\CodeIgniter.php(422): CodeIgniter\CodeIgniter->createController()
#2 C:\wamp\www\readright\system\CodeIgniter.php(333): CodeIgniter\CodeIgniter->handleRequest(NULL, Object(Config\Cache), false)
#3 C:\wamp\www\readright\public\index.php(44): CodeIgniter\CodeIgniter->run()
#4 {main}
CRITICAL - 2021-03-08 00:48:20 --> Class 'App\Controllers\Post_model' not found
#0 C:\wamp\www\readright\system\CodeIgniter.php(908): App\Controllers\Posts->__construct()
#1 C:\wamp\www\readright\system\CodeIgniter.php(422): CodeIgniter\CodeIgniter->createController()
#2 C:\wamp\www\readright\system\CodeIgniter.php(333): CodeIgniter\CodeIgniter->handleRequest(NULL, Object(Config\Cache), false)
#3 C:\wamp\www\readright\public\index.php(44): CodeIgniter\CodeIgniter->run()
#4 {main}
CRITICAL - 2021-03-08 00:49:00 --> Class 'App\Controllers\Post_model' not found
#0 C:\wamp\www\readright\system\CodeIgniter.php(908): App\Controllers\Posts->__construct()
#1 C:\wamp\www\readright\system\CodeIgniter.php(422): CodeIgniter\CodeIgniter->createController()
#2 C:\wamp\www\readright\system\CodeIgniter.php(333): CodeIgniter\CodeIgniter->handleRequest(NULL, Object(Config\Cache), false)
#3 C:\wamp\www\readright\public\index.php(44): CodeIgniter\CodeIgniter->run()
#4 {main}
CRITICAL - 2021-03-08 00:50:08 --> Class 'App\Controllers\Post_model' not found
#0 C:\wamp\www\readright\system\CodeIgniter.php(908): App\Controllers\Posts->__construct()
#1 C:\wamp\www\readright\system\CodeIgniter.php(422): CodeIgniter\CodeIgniter->createController()
#2 C:\wamp\www\readright\system\CodeIgniter.php(333): CodeIgniter\CodeIgniter->handleRequest(NULL, Object(Config\Cache), false)
#3 C:\wamp\www\readright\public\index.php(44): CodeIgniter\CodeIgniter->run()
#4 {main}
CRITICAL - 2021-03-08 00:50:10 --> Class 'App\Controllers\Post_model' not found
#0 C:\wamp\www\readright\system\CodeIgniter.php(908): App\Controllers\Posts->__construct()
#1 C:\wamp\www\readright\system\CodeIgniter.php(422): CodeIgniter\CodeIgniter->createController()
#2 C:\wamp\www\readright\system\CodeIgniter.php(333): CodeIgniter\CodeIgniter->handleRequest(NULL, Object(Config\Cache), false)
#3 C:\wamp\www\readright\public\index.php(44): CodeIgniter\CodeIgniter->run()
#4 {main}
CRITICAL - 2021-03-08 00:50:41 --> Class 'App\Controllers\Post_model' not found
#0 C:\wamp\www\readright\system\CodeIgniter.php(908): App\Controllers\Posts->__construct()
#1 C:\wamp\www\readright\system\CodeIgniter.php(422): CodeIgniter\CodeIgniter->createController()
#2 C:\wamp\www\readright\system\CodeIgniter.php(333): CodeIgniter\CodeIgniter->handleRequest(NULL, Object(Config\Cache), false)
#3 C:\wamp\www\readright\public\index.php(44): CodeIgniter\CodeIgniter->run()
#4 {main}
CRITICAL - 2021-03-08 00:50:54 --> Class 'App\Controllers\Post_model' not found
#0 C:\wamp\www\readright\system\CodeIgniter.php(908): App\Controllers\Posts->__construct()
#1 C:\wamp\www\readright\system\CodeIgniter.php(422): CodeIgniter\CodeIgniter->createController()
#2 C:\wamp\www\readright\system\CodeIgniter.php(333): CodeIgniter\CodeIgniter->handleRequest(NULL, Object(Config\Cache), false)
#3 C:\wamp\www\readright\public\index.php(44): CodeIgniter\CodeIgniter->run()
#4 {main}
CRITICAL - 2021-03-08 00:51:11 --> Class 'App\Controllers\Post_model' not found
#0 C:\wamp\www\readright\system\CodeIgniter.php(908): App\Controllers\Posts->__construct()
#1 C:\wamp\www\readright\system\CodeIgniter.php(422): CodeIgniter\CodeIgniter->createController()
#2 C:\wamp\www\readright\system\CodeIgniter.php(333): CodeIgniter\CodeIgniter->handleRequest(NULL, Object(Config\Cache), false)
#3 C:\wamp\www\readright\public\index.php(44): CodeIgniter\CodeIgniter->run()
#4 {main}
CRITICAL - 2021-03-08 00:52:09 --> Class 'App\Controllers\Post_model' not found
#0 C:\wamp\www\readright\system\CodeIgniter.php(908): App\Controllers\Posts->__construct()
#1 C:\wamp\www\readright\system\CodeIgniter.php(422): CodeIgniter\CodeIgniter->createController()
#2 C:\wamp\www\readright\system\CodeIgniter.php(333): CodeIgniter\CodeIgniter->handleRequest(NULL, Object(Config\Cache), false)
#3 C:\wamp\www\readright\public\index.php(44): CodeIgniter\CodeIgniter->run()
#4 {main}
CRITICAL - 2021-03-08 00:52:36 --> Call to a member function get_posts() on null
#0 C:\wamp\www\readright\system\CodeIgniter.php(936): App\Controllers\Posts->index()
#1 C:\wamp\www\readright\system\CodeIgniter.php(432): CodeIgniter\CodeIgniter->runController(Object(App\Controllers\Posts))
#2 C:\wamp\www\readright\system\CodeIgniter.php(333): CodeIgniter\CodeIgniter->handleRequest(NULL, Object(Config\Cache), false)
#3 C:\wamp\www\readright\public\index.php(44): CodeIgniter\CodeIgniter->run()
#4 {main}
CRITICAL - 2021-03-08 00:52:45 --> Call to a member function privateKey() on null
#0 C:\wamp\www\readright\system\CodeIgniter.php(936): App\Controllers\Posts->index()
#1 C:\wamp\www\readright\system\CodeIgniter.php(432): CodeIgniter\CodeIgniter->runController(Object(App\Controllers\Posts))
#2 C:\wamp\www\readright\system\CodeIgniter.php(333): CodeIgniter\CodeIgniter->handleRequest(NULL, Object(Config\Cache), false)
#3 C:\wamp\www\readright\public\index.php(44): CodeIgniter\CodeIgniter->run()
#4 {main}
CRITICAL - 2021-03-08 00:52:56 --> Call to a member function get_posts() on null
#0 C:\wamp\www\readright\system\CodeIgniter.php(936): App\Controllers\Posts->index()
#1 C:\wamp\www\readright\system\CodeIgniter.php(432): CodeIgniter\CodeIgniter->runController(Object(App\Controllers\Posts))
#2 C:\wamp\www\readright\system\CodeIgniter.php(333): CodeIgniter\CodeIgniter->handleRequest(NULL, Object(Config\Cache), false)
#3 C:\wamp\www\readright\public\index.php(44): CodeIgniter\CodeIgniter->run()
#4 {main}
CRITICAL - 2021-03-08 00:53:07 --> Class 'App\Controllers\Post_model' not found
#0 C:\wamp\www\readright\system\CodeIgniter.php(908): App\Controllers\Posts->__construct()
#1 C:\wamp\www\readright\system\CodeIgniter.php(422): CodeIgniter\CodeIgniter->createController()
#2 C:\wamp\www\readright\system\CodeIgniter.php(333): CodeIgniter\CodeIgniter->handleRequest(NULL, Object(Config\Cache), false)
#3 C:\wamp\www\readright\public\index.php(44): CodeIgniter\CodeIgniter->run()
#4 {main}
CRITICAL - 2021-03-08 00:54:22 --> Class 'App\Controllers\Post_model' not found
#0 C:\wamp\www\readright\system\CodeIgniter.php(908): App\Controllers\Posts->__construct()
#1 C:\wamp\www\readright\system\CodeIgniter.php(422): CodeIgniter\CodeIgniter->createController()
#2 C:\wamp\www\readright\system\CodeIgniter.php(333): CodeIgniter\CodeIgniter->handleRequest(NULL, Object(Config\Cache), false)
#3 C:\wamp\www\readright\public\index.php(44): CodeIgniter\CodeIgniter->run()
#4 {main}
CRITICAL - 2021-03-08 00:55:04 --> Class 'App\Controllers\Post_model' not found
#0 C:\wamp\www\readright\system\CodeIgniter.php(908): App\Controllers\Posts->__construct()
#1 C:\wamp\www\readright\system\CodeIgniter.php(422): CodeIgniter\CodeIgniter->createController()
#2 C:\wamp\www\readright\system\CodeIgniter.php(333): CodeIgniter\CodeIgniter->handleRequest(NULL, Object(Config\Cache), false)
#3 C:\wamp\www\readright\public\index.php(44): CodeIgniter\CodeIgniter->run()
#4 {main}
CRITICAL - 2021-03-08 00:55:20 --> Class 'App\Controllers\Post_model' not found
#0 C:\wamp\www\readright\system\CodeIgniter.php(908): App\Controllers\Posts->__construct()
#1 C:\wamp\www\readright\system\CodeIgniter.php(422): CodeIgniter\CodeIgniter->createController()
#2 C:\wamp\www\readright\system\CodeIgniter.php(333): CodeIgniter\CodeIgniter->handleRequest(NULL, Object(Config\Cache), false)
#3 C:\wamp\www\readright\public\index.php(44): CodeIgniter\CodeIgniter->run()
#4 {main}
CRITICAL - 2021-03-08 00:55:58 --> Class 'App\Controllers\Post' not found
#0 C:\wamp\www\readright\system\CodeIgniter.php(908): App\Controllers\Posts->__construct()
#1 C:\wamp\www\readright\system\CodeIgniter.php(422): CodeIgniter\CodeIgniter->createController()
#2 C:\wamp\www\readright\system\CodeIgniter.php(333): CodeIgniter\CodeIgniter->handleRequest(NULL, Object(Config\Cache), false)
#3 C:\wamp\www\readright\public\index.php(44): CodeIgniter\CodeIgniter->run()
#4 {main}
CRITICAL - 2021-03-08 00:56:48 --> Class 'App\Controllers\Post' not found
#0 C:\wamp\www\readright\system\CodeIgniter.php(908): App\Controllers\Posts->__construct()
#1 C:\wamp\www\readright\system\CodeIgniter.php(422): CodeIgniter\CodeIgniter->createController()
#2 C:\wamp\www\readright\system\CodeIgniter.php(333): CodeIgniter\CodeIgniter->handleRequest(NULL, Object(Config\Cache), false)
#3 C:\wamp\www\readright\public\index.php(44): CodeIgniter\CodeIgniter->run()
#4 {main}
CRITICAL - 2021-03-08 00:56:50 --> Class 'App\Controllers\Post' not found
#0 C:\wamp\www\readright\system\CodeIgniter.php(908): App\Controllers\Posts->__construct()
#1 C:\wamp\www\readright\system\CodeIgniter.php(422): CodeIgniter\CodeIgniter->createController()
#2 C:\wamp\www\readright\system\CodeIgniter.php(333): CodeIgniter\CodeIgniter->handleRequest(NULL, Object(Config\Cache), false)
#3 C:\wamp\www\readright\public\index.php(44): CodeIgniter\CodeIgniter->run()
#4 {main}
CRITICAL - 2021-03-08 00:57:39 --> Class 'App\Controllers\Post' not found
#0 C:\wamp\www\readright\system\CodeIgniter.php(908): App\Controllers\Posts->__construct()
#1 C:\wamp\www\readright\system\CodeIgniter.php(422): CodeIgniter\CodeIgniter->createController()
#2 C:\wamp\www\readright\system\CodeIgniter.php(333): CodeIgniter\CodeIgniter->handleRequest(NULL, Object(Config\Cache), false)
#3 C:\wamp\www\readright\public\index.php(44): CodeIgniter\CodeIgniter->run()
#4 {main}
CRITICAL - 2021-03-08 00:59:35 --> Class 'App\Controllers\Post' not found
#0 C:\wamp\www\readright\system\CodeIgniter.php(908): App\Controllers\Posts->__construct()
#1 C:\wamp\www\readright\system\CodeIgniter.php(422): CodeIgniter\CodeIgniter->createController()
#2 C:\wamp\www\readright\system\CodeIgniter.php(333): CodeIgniter\CodeIgniter->handleRequest(NULL, Object(Config\Cache), false)
#3 C:\wamp\www\readright\public\index.php(44): CodeIgniter\CodeIgniter->run()
#4 {main}
CRITICAL - 2021-03-08 00:59:38 --> Class 'App\Controllers\Post' not found
#0 C:\wamp\www\readright\system\CodeIgniter.php(908): App\Controllers\Posts->__construct()
#1 C:\wamp\www\readright\system\CodeIgniter.php(422): CodeIgniter\CodeIgniter->createController()
#2 C:\wamp\www\readright\system\CodeIgniter.php(333): CodeIgniter\CodeIgniter->handleRequest(NULL, Object(Config\Cache), false)
#3 C:\wamp\www\readright\public\index.php(44): CodeIgniter\CodeIgniter->run()
#4 {main}
CRITICAL - 2021-03-08 00:59:41 --> Class 'App\Controllers\Post' not found
#0 C:\wamp\www\readright\system\CodeIgniter.php(908): App\Controllers\Posts->__construct()
#1 C:\wamp\www\readright\system\CodeIgniter.php(422): CodeIgniter\CodeIgniter->createController()
#2 C:\wamp\www\readright\system\CodeIgniter.php(333): CodeIgniter\CodeIgniter->handleRequest(NULL, Object(Config\Cache), false)
#3 C:\wamp\www\readright\public\index.php(44): CodeIgniter\CodeIgniter->run()
#4 {main}
CRITICAL - 2021-03-08 01:01:06 --> Class 'Firebase\JWT\JWT' not found
#0 C:\wamp\www\readright\system\CodeIgniter.php(936): App\Controllers\Auth->login()
#1 C:\wamp\www\readright\system\CodeIgniter.php(432): CodeIgniter\CodeIgniter->runController(Object(App\Controllers\Auth))
#2 C:\wamp\www\readright\system\CodeIgniter.php(333): CodeIgniter\CodeIgniter->handleRequest(NULL, Object(Config\Cache), false)
#3 C:\wamp\www\readright\public\index.php(44): CodeIgniter\CodeIgniter->run()
#4 {main}
CRITICAL - 2021-03-08 01:01:48 --> Call to a member function get_posts() on null
#0 C:\wamp\www\readright\system\CodeIgniter.php(936): App\Controllers\Posts->index()
#1 C:\wamp\www\readright\system\CodeIgniter.php(432): CodeIgniter\CodeIgniter->runController(Object(App\Controllers\Posts))
#2 C:\wamp\www\readright\system\CodeIgniter.php(333): CodeIgniter\CodeIgniter->handleRequest(NULL, Object(Config\Cache), false)
#3 C:\wamp\www\readright\public\index.php(44): CodeIgniter\CodeIgniter->run()
#4 {main}
CRITICAL - 2021-03-08 01:02:18 --> Call to a member function get_posts() on null
#0 C:\wamp\www\readright\system\CodeIgniter.php(936): App\Controllers\Posts->index()
#1 C:\wamp\www\readright\system\CodeIgniter.php(432): CodeIgniter\CodeIgniter->runController(Object(App\Controllers\Posts))
#2 C:\wamp\www\readright\system\CodeIgniter.php(333): CodeIgniter\CodeIgniter->handleRequest(NULL, Object(Config\Cache), false)
#3 C:\wamp\www\readright\public\index.php(44): CodeIgniter\CodeIgniter->run()
#4 {main}
CRITICAL - 2021-03-08 01:02:21 --> Call to a member function get_posts() on null
#0 C:\wamp\www\readright\system\CodeIgniter.php(936): App\Controllers\Posts->index()
#1 C:\wamp\www\readright\system\CodeIgniter.php(432): CodeIgniter\CodeIgniter->runController(Object(App\Controllers\Posts))
#2 C:\wamp\www\readright\system\CodeIgniter.php(333): CodeIgniter\CodeIgniter->handleRequest(NULL, Object(Config\Cache), false)
#3 C:\wamp\www\readright\public\index.php(44): CodeIgniter\CodeIgniter->run()
#4 {main}
CRITICAL - 2021-03-08 01:02:50 --> Call to a member function get_posts() on null
#0 C:\wamp\www\readright\system\CodeIgniter.php(936): App\Controllers\Posts->index()
#1 C:\wamp\www\readright\system\CodeIgniter.php(432): CodeIgniter\CodeIgniter->runController(Object(App\Controllers\Posts))
#2 C:\wamp\www\readright\system\CodeIgniter.php(333): CodeIgniter\CodeIgniter->handleRequest(NULL, Object(Config\Cache), false)
#3 C:\wamp\www\readright\public\index.php(44): CodeIgniter\CodeIgniter->run()
#4 {main}
CRITICAL - 2021-03-08 01:03:09 --> Call to a member function get_posts() on null
#0 C:\wamp\www\readright\system\CodeIgniter.php(936): App\Controllers\Posts->index()
#1 C:\wamp\www\readright\system\CodeIgniter.php(432): CodeIgniter\CodeIgniter->runController(Object(App\Controllers\Posts))
#2 C:\wamp\www\readright\system\CodeIgniter.php(333): CodeIgniter\CodeIgniter->handleRequest(NULL, Object(Config\Cache), false)
#3 C:\wamp\www\readright\public\index.php(44): CodeIgniter\CodeIgniter->run()
#4 {main}
CRITICAL - 2021-03-08 01:03:15 --> Call to a member function get_posts() on null
#0 C:\wamp\www\readright\system\CodeIgniter.php(936): App\Controllers\Posts->list()
#1 C:\wamp\www\readright\system\CodeIgniter.php(432): CodeIgniter\CodeIgniter->runController(Object(App\Controllers\Posts))
#2 C:\wamp\www\readright\system\CodeIgniter.php(333): CodeIgniter\CodeIgniter->handleRequest(NULL, Object(Config\Cache), false)
#3 C:\wamp\www\readright\public\index.php(44): CodeIgniter\CodeIgniter->run()
#4 {main}
CRITICAL - 2021-03-08 01:03:27 --> Call to a member function get_posts() on null
#0 C:\wamp\www\readright\system\CodeIgniter.php(936): App\Controllers\Posts->list()
#1 C:\wamp\www\readright\system\CodeIgniter.php(432): CodeIgniter\CodeIgniter->runController(Object(App\Controllers\Posts))
#2 C:\wamp\www\readright\system\CodeIgniter.php(333): CodeIgniter\CodeIgniter->handleRequest(NULL, Object(Config\Cache), false)
#3 C:\wamp\www\readright\public\index.php(44): CodeIgniter\CodeIgniter->run()
#4 {main}
CRITICAL - 2021-03-08 01:03:29 --> Call to a member function get_posts() on null
#0 C:\wamp\www\readright\system\CodeIgniter.php(936): App\Controllers\Posts->list()
#1 C:\wamp\www\readright\system\CodeIgniter.php(432): CodeIgniter\CodeIgniter->runController(Object(App\Controllers\Posts))
#2 C:\wamp\www\readright\system\CodeIgniter.php(333): CodeIgniter\CodeIgniter->handleRequest(NULL, Object(Config\Cache), false)
#3 C:\wamp\www\readright\public\index.php(44): CodeIgniter\CodeIgniter->run()
#4 {main}
CRITICAL - 2021-03-08 01:04:47 --> Call to a member function get_posts() on null
#0 C:\wamp\www\readright\system\CodeIgniter.php(936): App\Controllers\Posts->list()
#1 C:\wamp\www\readright\system\CodeIgniter.php(432): CodeIgniter\CodeIgniter->runController(Object(App\Controllers\Posts))
#2 C:\wamp\www\readright\system\CodeIgniter.php(333): CodeIgniter\CodeIgniter->handleRequest(NULL, Object(Config\Cache), false)
#3 C:\wamp\www\readright\public\index.php(44): CodeIgniter\CodeIgniter->run()
#4 {main}
CRITICAL - 2021-03-08 01:05:45 --> Call to a member function get_posts() on null
#0 C:\wamp\www\readright\system\CodeIgniter.php(936): App\Controllers\Posts->list()
#1 C:\wamp\www\readright\system\CodeIgniter.php(432): CodeIgniter\CodeIgniter->runController(Object(App\Controllers\Posts))
#2 C:\wamp\www\readright\system\CodeIgniter.php(333): CodeIgniter\CodeIgniter->handleRequest(NULL, Object(Config\Cache), false)
#3 C:\wamp\www\readright\public\index.php(44): CodeIgniter\CodeIgniter->run()
#4 {main}
CRITICAL - 2021-03-08 01:20:13 --> Class 'App\Controllers\Post' not found
#0 C:\wamp\www\readright\system\CodeIgniter.php(908): App\Controllers\Posts->__construct()
#1 C:\wamp\www\readright\system\CodeIgniter.php(422): CodeIgniter\CodeIgniter->createController()
#2 C:\wamp\www\readright\system\CodeIgniter.php(333): CodeIgniter\CodeIgniter->handleRequest(NULL, Object(Config\Cache), false)
#3 C:\wamp\www\readright\public\index.php(44): CodeIgniter\CodeIgniter->run()
#4 {main}
CRITICAL - 2021-03-08 01:20:30 --> Class 'App\Controllers\Post' not found
#0 C:\wamp\www\readright\system\CodeIgniter.php(908): App\Controllers\Posts->__construct()
#1 C:\wamp\www\readright\system\CodeIgniter.php(422): CodeIgniter\CodeIgniter->createController()
#2 C:\wamp\www\readright\system\CodeIgniter.php(333): CodeIgniter\CodeIgniter->handleRequest(NULL, Object(Config\Cache), false)
#3 C:\wamp\www\readright\public\index.php(44): CodeIgniter\CodeIgniter->run()
#4 {main}
CRITICAL - 2021-03-08 01:20:40 --> Class 'App\Controllers\Post_model' not found
#0 C:\wamp\www\readright\system\CodeIgniter.php(908): App\Controllers\Posts->__construct()
#1 C:\wamp\www\readright\system\CodeIgniter.php(422): CodeIgniter\CodeIgniter->createController()
#2 C:\wamp\www\readright\system\CodeIgniter.php(333): CodeIgniter\CodeIgniter->handleRequest(NULL, Object(Config\Cache), false)
#3 C:\wamp\www\readright\public\index.php(44): CodeIgniter\CodeIgniter->run()
#4 {main}
CRITICAL - 2021-03-08 01:21:02 --> Call to a member function get_posts() on null
#0 C:\wamp\www\readright\system\CodeIgniter.php(936): App\Controllers\Posts->list()
#1 C:\wamp\www\readright\system\CodeIgniter.php(432): CodeIgniter\CodeIgniter->runController(Object(App\Controllers\Posts))
#2 C:\wamp\www\readright\system\CodeIgniter.php(333): CodeIgniter\CodeIgniter->handleRequest(NULL, Object(Config\Cache), false)
#3 C:\wamp\www\readright\public\index.php(44): CodeIgniter\CodeIgniter->run()
#4 {main}
CRITICAL - 2021-03-08 01:21:57 --> Class 'App\Models\Post' not found
#0 C:\wamp\www\readright\system\CodeIgniter.php(908): App\Controllers\Posts->__construct()
#1 C:\wamp\www\readright\system\CodeIgniter.php(422): CodeIgniter\CodeIgniter->createController()
#2 C:\wamp\www\readright\system\CodeIgniter.php(333): CodeIgniter\CodeIgniter->handleRequest(NULL, Object(Config\Cache), false)
#3 C:\wamp\www\readright\public\index.php(44): CodeIgniter\CodeIgniter->run()
#4 {main}
CRITICAL - 2021-03-08 01:22:06 --> Class 'App\Controllers\Post_model' not found
#0 C:\wamp\www\readright\system\CodeIgniter.php(908): App\Controllers\Posts->__construct()
#1 C:\wamp\www\readright\system\CodeIgniter.php(422): CodeIgniter\CodeIgniter->createController()
#2 C:\wamp\www\readright\system\CodeIgniter.php(333): CodeIgniter\CodeIgniter->handleRequest(NULL, Object(Config\Cache), false)
#3 C:\wamp\www\readright\public\index.php(44): CodeIgniter\CodeIgniter->run()
#4 {main}
CRITICAL - 2021-03-08 01:40:38 --> Call to a member function table() on null
#0 C:\wamp\www\readright\system\CodeIgniter.php(936): App\Controllers\Posts->list()
#1 C:\wamp\www\readright\system\CodeIgniter.php(432): CodeIgniter\CodeIgniter->runController(Object(App\Controllers\Posts))
#2 C:\wamp\www\readright\system\CodeIgniter.php(333): CodeIgniter\CodeIgniter->handleRequest(NULL, Object(Config\Cache), false)
#3 C:\wamp\www\readright\public\index.php(44): CodeIgniter\CodeIgniter->run()
#4 {main}
CRITICAL - 2021-03-08 02:03:28 --> Class 'Firebase\JWT\JWT' not found
#0 C:\wamp\www\readright\system\CodeIgniter.php(936): App\Controllers\Auth->login()
#1 C:\wamp\www\readright\system\CodeIgniter.php(432): CodeIgniter\CodeIgniter->runController(Object(App\Controllers\Auth))
#2 C:\wamp\www\readright\system\CodeIgniter.php(333): CodeIgniter\CodeIgniter->handleRequest(NULL, Object(Config\Cache), false)
#3 C:\wamp\www\readright\public\index.php(44): CodeIgniter\CodeIgniter->run()
#4 {main}
CRITICAL - 2021-03-08 02:13:57 --> Class 'Firebase\JWT\JWT' not found
#0 C:\wamp\www\readright\system\CodeIgniter.php(936): App\Controllers\Auth->login()
#1 C:\wamp\www\readright\system\CodeIgniter.php(432): CodeIgniter\CodeIgniter->runController(Object(App\Controllers\Auth))
#2 C:\wamp\www\readright\system\CodeIgniter.php(333): CodeIgniter\CodeIgniter->handleRequest(NULL, Object(Config\Cache), false)
#3 C:\wamp\www\readright\public\index.php(44): CodeIgniter\CodeIgniter->run()
#4 {main}
CRITICAL - 2021-03-08 02:15:09 --> Class 'App\Firebase\JWT\JWT' not found
#0 C:\wamp\www\readright\system\CodeIgniter.php(936): App\Controllers\Auth->login()
#1 C:\wamp\www\readright\system\CodeIgniter.php(432): CodeIgniter\CodeIgniter->runController(Object(App\Controllers\Auth))
#2 C:\wamp\www\readright\system\CodeIgniter.php(333): CodeIgniter\CodeIgniter->handleRequest(NULL, Object(Config\Cache), false)
#3 C:\wamp\www\readright\public\index.php(44): CodeIgniter\CodeIgniter->run()
#4 {main}
CRITICAL - 2021-03-08 02:15:56 --> Class 'App\ThirdParty\Firebase\JWT\JWT' not found
#0 C:\wamp\www\readright\system\CodeIgniter.php(936): App\Controllers\Auth->login()
#1 C:\wamp\www\readright\system\CodeIgniter.php(432): CodeIgniter\CodeIgniter->runController(Object(App\Controllers\Auth))
#2 C:\wamp\www\readright\system\CodeIgniter.php(333): CodeIgniter\CodeIgniter->handleRequest(NULL, Object(Config\Cache), false)
#3 C:\wamp\www\readright\public\index.php(44): CodeIgniter\CodeIgniter->run()
#4 {main}
CRITICAL - 2021-03-08 02:15:59 --> Class 'App\ThirdParty\Firebase\JWT\JWT' not found
#0 C:\wamp\www\readright\system\CodeIgniter.php(936): App\Controllers\Auth->login()
#1 C:\wamp\www\readright\system\CodeIgniter.php(432): CodeIgniter\CodeIgniter->runController(Object(App\Controllers\Auth))
#2 C:\wamp\www\readright\system\CodeIgniter.php(333): CodeIgniter\CodeIgniter->handleRequest(NULL, Object(Config\Cache), false)
#3 C:\wamp\www\readright\public\index.php(44): CodeIgniter\CodeIgniter->run()
#4 {main}
CRITICAL - 2021-03-08 02:18:06 --> Class 'App\Firebase\JWT\JWT' not found
#0 C:\wamp\www\readright\system\CodeIgniter.php(936): App\Controllers\Auth->login()
#1 C:\wamp\www\readright\system\CodeIgniter.php(432): CodeIgniter\CodeIgniter->runController(Object(App\Controllers\Auth))
#2 C:\wamp\www\readright\system\CodeIgniter.php(333): CodeIgniter\CodeIgniter->handleRequest(NULL, Object(Config\Cache), false)
#3 C:\wamp\www\readright\public\index.php(44): CodeIgniter\CodeIgniter->run()
#4 {main}
CRITICAL - 2021-03-08 02:21:24 --> Class 'Firebase\JWT\JWT' not found
#0 C:\wamp\www\readright\system\CodeIgniter.php(936): App\Controllers\Auth->login()
#1 C:\wamp\www\readright\system\CodeIgniter.php(432): CodeIgniter\CodeIgniter->runController(Object(App\Controllers\Auth))
#2 C:\wamp\www\readright\system\CodeIgniter.php(333): CodeIgniter\CodeIgniter->handleRequest(NULL, Object(Config\Cache), false)
#3 C:\wamp\www\readright\public\index.php(44): CodeIgniter\CodeIgniter->run()
#4 {main}
CRITICAL - 2021-03-08 02:21:27 --> Class 'Firebase\JWT\JWT' not found
#0 C:\wamp\www\readright\system\CodeIgniter.php(936): App\Controllers\Auth->login()
#1 C:\wamp\www\readright\system\CodeIgniter.php(432): CodeIgniter\CodeIgniter->runController(Object(App\Controllers\Auth))
#2 C:\wamp\www\readright\system\CodeIgniter.php(333): CodeIgniter\CodeIgniter->handleRequest(NULL, Object(Config\Cache), false)
#3 C:\wamp\www\readright\public\index.php(44): CodeIgniter\CodeIgniter->run()
#4 {main}
CRITICAL - 2021-03-08 02:25:50 --> Class 'Firebase\JWT\JWT' not found
#0 C:\wamp\www\readright\system\CodeIgniter.php(936): App\Controllers\Auth->login()
#1 C:\wamp\www\readright\system\CodeIgniter.php(432): CodeIgniter\CodeIgniter->runController(Object(App\Controllers\Auth))
#2 C:\wamp\www\readright\system\CodeIgniter.php(333): CodeIgniter\CodeIgniter->handleRequest(NULL, Object(Config\Cache), false)
#3 C:\wamp\www\readright\public\index.php(44): CodeIgniter\CodeIgniter->run()
#4 {main}
CRITICAL - 2021-03-08 02:29:23 --> Class 'Firebase\JWT\JWT' not found
#0 C:\wamp\www\readright\system\CodeIgniter.php(936): App\Controllers\Auth->login()
#1 C:\wamp\www\readright\system\CodeIgniter.php(432): CodeIgniter\CodeIgniter->runController(Object(App\Controllers\Auth))
#2 C:\wamp\www\readright\system\CodeIgniter.php(333): CodeIgniter\CodeIgniter->handleRequest(NULL, Object(Config\Cache), false)
#3 C:\wamp\www\readright\public\index.php(44): CodeIgniter\CodeIgniter->run()
#4 {main}
CRITICAL - 2021-03-08 02:29:25 --> Class 'Firebase\JWT\JWT' not found
#0 C:\wamp\www\readright\system\CodeIgniter.php(936): App\Controllers\Auth->login()
#1 C:\wamp\www\readright\system\CodeIgniter.php(432): CodeIgniter\CodeIgniter->runController(Object(App\Controllers\Auth))
#2 C:\wamp\www\readright\system\CodeIgniter.php(333): CodeIgniter\CodeIgniter->handleRequest(NULL, Object(Config\Cache), false)
#3 C:\wamp\www\readright\public\index.php(44): CodeIgniter\CodeIgniter->run()
#4 {main}
CRITICAL - 2021-03-08 02:30:41 --> Class 'Firebase\JWT\JWT' not found
#0 C:\wamp\www\readright\system\CodeIgniter.php(936): App\Controllers\Auth->login()
#1 C:\wamp\www\readright\system\CodeIgniter.php(432): CodeIgniter\CodeIgniter->runController(Object(App\Controllers\Auth))
#2 C:\wamp\www\readright\system\CodeIgniter.php(333): CodeIgniter\CodeIgniter->handleRequest(NULL, Object(Config\Cache), false)
#3 C:\wamp\www\readright\public\index.php(44): CodeIgniter\CodeIgniter->run()
#4 {main}
CRITICAL - 2021-03-08 02:31:21 --> Class 'Firebase\JWT\JWT' not found
#0 C:\wamp\www\readright\system\CodeIgniter.php(936): App\Controllers\Auth->login()
#1 C:\wamp\www\readright\system\CodeIgniter.php(432): CodeIgniter\CodeIgniter->runController(Object(App\Controllers\Auth))
#2 C:\wamp\www\readright\system\CodeIgniter.php(333): CodeIgniter\CodeIgniter->handleRequest(NULL, Object(Config\Cache), false)
#3 C:\wamp\www\readright\public\index.php(44): CodeIgniter\CodeIgniter->run()
#4 {main}
CRITICAL - 2021-03-08 02:31:59 --> Class 'App\Controllers\JWT' not found
#0 C:\wamp\www\readright\system\CodeIgniter.php(936): App\Controllers\Auth->login()
#1 C:\wamp\www\readright\system\CodeIgniter.php(432): CodeIgniter\CodeIgniter->runController(Object(App\Controllers\Auth))
#2 C:\wamp\www\readright\system\CodeIgniter.php(333): CodeIgniter\CodeIgniter->handleRequest(NULL, Object(Config\Cache), false)
#3 C:\wamp\www\readright\public\index.php(44): CodeIgniter\CodeIgniter->run()
#4 {main}
CRITICAL - 2021-03-08 02:32:16 --> Class 'App\Controllers\JWT' not found
#0 C:\wamp\www\readright\system\CodeIgniter.php(936): App\Controllers\Auth->login()
#1 C:\wamp\www\readright\system\CodeIgniter.php(432): CodeIgniter\CodeIgniter->runController(Object(App\Controllers\Auth))
#2 C:\wamp\www\readright\system\CodeIgniter.php(333): CodeIgniter\CodeIgniter->handleRequest(NULL, Object(Config\Cache), false)
#3 C:\wamp\www\readright\public\index.php(44): CodeIgniter\CodeIgniter->run()
#4 {main}
CRITICAL - 2021-03-08 02:32:30 --> Class 'App\Controllers\JWT' not found
#0 C:\wamp\www\readright\system\CodeIgniter.php(936): App\Controllers\Auth->login()
#1 C:\wamp\www\readright\system\CodeIgniter.php(432): CodeIgniter\CodeIgniter->runController(Object(App\Controllers\Auth))
#2 C:\wamp\www\readright\system\CodeIgniter.php(333): CodeIgniter\CodeIgniter->handleRequest(NULL, Object(Config\Cache), false)
#3 C:\wamp\www\readright\public\index.php(44): CodeIgniter\CodeIgniter->run()
#4 {main}
CRITICAL - 2021-03-08 02:33:00 --> Class 'Firebase\JWT\JWT' not found
#0 C:\wamp\www\readright\system\CodeIgniter.php(936): App\Controllers\Auth->login()
#1 C:\wamp\www\readright\system\CodeIgniter.php(432): CodeIgniter\CodeIgniter->runController(Object(App\Controllers\Auth))
#2 C:\wamp\www\readright\system\CodeIgniter.php(333): CodeIgniter\CodeIgniter->handleRequest(NULL, Object(Config\Cache), false)
#3 C:\wamp\www\readright\public\index.php(44): CodeIgniter\CodeIgniter->run()
#4 {main}
CRITICAL - 2021-03-08 02:36:28 --> Class 'Firebase\JWT\JWT' not found
#0 C:\wamp\www\readright\system\CodeIgniter.php(936): App\Controllers\Auth->login()
#1 C:\wamp\www\readright\system\CodeIgniter.php(432): CodeIgniter\CodeIgniter->runController(Object(App\Controllers\Auth))
#2 C:\wamp\www\readright\system\CodeIgniter.php(333): CodeIgniter\CodeIgniter->handleRequest(NULL, Object(Config\Cache), false)
#3 C:\wamp\www\readright\public\index.php(44): CodeIgniter\CodeIgniter->run()
#4 {main}
CRITICAL - 2021-03-08 02:36:30 --> Class 'Firebase\JWT\JWT' not found
#0 C:\wamp\www\readright\system\CodeIgniter.php(936): App\Controllers\Auth->login()
#1 C:\wamp\www\readright\system\CodeIgniter.php(432): CodeIgniter\CodeIgniter->runController(Object(App\Controllers\Auth))
#2 C:\wamp\www\readright\system\CodeIgniter.php(333): CodeIgniter\CodeIgniter->handleRequest(NULL, Object(Config\Cache), false)
#3 C:\wamp\www\readright\public\index.php(44): CodeIgniter\CodeIgniter->run()
#4 {main}
CRITICAL - 2021-03-08 02:36:44 --> Class 'Firebase\JWT\JWT' not found
#0 C:\wamp\www\readright\system\CodeIgniter.php(936): App\Controllers\Auth->login()
#1 C:\wamp\www\readright\system\CodeIgniter.php(432): CodeIgniter\CodeIgniter->runController(Object(App\Controllers\Auth))
#2 C:\wamp\www\readright\system\CodeIgniter.php(333): CodeIgniter\CodeIgniter->handleRequest(NULL, Object(Config\Cache), false)
#3 C:\wamp\www\readright\public\index.php(44): CodeIgniter\CodeIgniter->run()
#4 {main}
CRITICAL - 2021-03-08 02:37:57 --> Class 'Firebase\JWT\JWT' not found
#0 C:\wamp\www\readright\system\CodeIgniter.php(936): App\Controllers\Auth->login()
#1 C:\wamp\www\readright\system\CodeIgniter.php(432): CodeIgniter\CodeIgniter->runController(Object(App\Controllers\Auth))
#2 C:\wamp\www\readright\system\CodeIgniter.php(333): CodeIgniter\CodeIgniter->handleRequest(NULL, Object(Config\Cache), false)
#3 C:\wamp\www\readright\public\index.php(44): CodeIgniter\CodeIgniter->run()
#4 {main}
CRITICAL - 2021-03-08 02:38:18 --> Class 'vendor\Firebase\JWT\JWT' not found
#0 C:\wamp\www\readright\system\CodeIgniter.php(936): App\Controllers\Auth->login()
#1 C:\wamp\www\readright\system\CodeIgniter.php(432): CodeIgniter\CodeIgniter->runController(Object(App\Controllers\Auth))
#2 C:\wamp\www\readright\system\CodeIgniter.php(333): CodeIgniter\CodeIgniter->handleRequest(NULL, Object(Config\Cache), false)
#3 C:\wamp\www\readright\public\index.php(44): CodeIgniter\CodeIgniter->run()
#4 {main}
CRITICAL - 2021-03-08 02:39:24 --> Class 'vendor\Firebase\JWT\JWT' not found
#0 C:\wamp\www\readright\system\CodeIgniter.php(936): App\Controllers\Auth->login()
#1 C:\wamp\www\readright\system\CodeIgniter.php(432): CodeIgniter\CodeIgniter->runController(Object(App\Controllers\Auth))
#2 C:\wamp\www\readright\system\CodeIgniter.php(333): CodeIgniter\CodeIgniter->handleRequest(NULL, Object(Config\Cache), false)
#3 C:\wamp\www\readright\public\index.php(44): CodeIgniter\CodeIgniter->run()
#4 {main}
CRITICAL - 2021-03-08 02:39:36 --> Class 'vendor\Firebase\JWT\JWT' not found
#0 C:\wamp\www\readright\system\CodeIgniter.php(936): App\Controllers\Auth->login()
#1 C:\wamp\www\readright\system\CodeIgniter.php(432): CodeIgniter\CodeIgniter->runController(Object(App\Controllers\Auth))
#2 C:\wamp\www\readright\system\CodeIgniter.php(333): CodeIgniter\CodeIgniter->handleRequest(NULL, Object(Config\Cache), false)
#3 C:\wamp\www\readright\public\index.php(44): CodeIgniter\CodeIgniter->run()
#4 {main}
CRITICAL - 2021-03-08 02:39:38 --> Class 'vendor\Firebase\JWT\JWT' not found
#0 C:\wamp\www\readright\system\CodeIgniter.php(936): App\Controllers\Auth->login()
#1 C:\wamp\www\readright\system\CodeIgniter.php(432): CodeIgniter\CodeIgniter->runController(Object(App\Controllers\Auth))
#2 C:\wamp\www\readright\system\CodeIgniter.php(333): CodeIgniter\CodeIgniter->handleRequest(NULL, Object(Config\Cache), false)
#3 C:\wamp\www\readright\public\index.php(44): CodeIgniter\CodeIgniter->run()
#4 {main}
CRITICAL - 2021-03-08 02:39:47 --> Class 'App\Controllers\Firebase\JWT\JWT' not found
#0 C:\wamp\www\readright\system\CodeIgniter.php(936): App\Controllers\Auth->login()
#1 C:\wamp\www\readright\system\CodeIgniter.php(432): CodeIgniter\CodeIgniter->runController(Object(App\Controllers\Auth))
#2 C:\wamp\www\readright\system\CodeIgniter.php(333): CodeIgniter\CodeIgniter->handleRequest(NULL, Object(Config\Cache), false)
#3 C:\wamp\www\readright\public\index.php(44): CodeIgniter\CodeIgniter->run()
#4 {main}
CRITICAL - 2021-03-08 02:40:00 --> Class 'Firebase\JWT\JWT' not found
#0 C:\wamp\www\readright\system\CodeIgniter.php(936): App\Controllers\Auth->login()
#1 C:\wamp\www\readright\system\CodeIgniter.php(432): CodeIgniter\CodeIgniter->runController(Object(App\Controllers\Auth))
#2 C:\wamp\www\readright\system\CodeIgniter.php(333): CodeIgniter\CodeIgniter->handleRequest(NULL, Object(Config\Cache), false)
#3 C:\wamp\www\readright\public\index.php(44): CodeIgniter\CodeIgniter->run()
#4 {main}
CRITICAL - 2021-03-08 02:40:16 --> Class 'Firebase\JWT\JWT' not found
#0 C:\wamp\www\readright\system\CodeIgniter.php(936): App\Controllers\Auth->login()
#1 C:\wamp\www\readright\system\CodeIgniter.php(432): CodeIgniter\CodeIgniter->runController(Object(App\Controllers\Auth))
#2 C:\wamp\www\readright\system\CodeIgniter.php(333): CodeIgniter\CodeIgniter->handleRequest(NULL, Object(Config\Cache), false)
#3 C:\wamp\www\readright\public\index.php(44): CodeIgniter\CodeIgniter->run()
#4 {main}
CRITICAL - 2021-03-08 02:42:21 --> Class 'Firebase\JWT\JWT' not found
#0 C:\wamp\www\readright\system\CodeIgniter.php(936): App\Controllers\Auth->login()
#1 C:\wamp\www\readright\system\CodeIgniter.php(432): CodeIgniter\CodeIgniter->runController(Object(App\Controllers\Auth))
#2 C:\wamp\www\readright\system\CodeIgniter.php(333): CodeIgniter\CodeIgniter->handleRequest(NULL, Object(Config\Cache), false)
#3 C:\wamp\www\readright\public\index.php(44): CodeIgniter\CodeIgniter->run()
#4 {main}
CRITICAL - 2021-03-08 02:43:43 --> Class 'Firebase\JWT\JWT' not found
#0 C:\wamp\www\readright\system\CodeIgniter.php(936): App\Controllers\Auth->login()
#1 C:\wamp\www\readright\system\CodeIgniter.php(432): CodeIgniter\CodeIgniter->runController(Object(App\Controllers\Auth))
#2 C:\wamp\www\readright\system\CodeIgniter.php(333): CodeIgniter\CodeIgniter->handleRequest(NULL, Object(Config\Cache), false)
#3 C:\wamp\www\readright\public\index.php(44): CodeIgniter\CodeIgniter->run()
#4 {main}
CRITICAL - 2021-03-08 02:47:21 --> Class 'Firebase\JWT\JWT' not found
#0 C:\wamp\www\readright\system\CodeIgniter.php(936): App\Controllers\Auth->login()
#1 C:\wamp\www\readright\system\CodeIgniter.php(432): CodeIgniter\CodeIgniter->runController(Object(App\Controllers\Auth))
#2 C:\wamp\www\readright\system\CodeIgniter.php(333): CodeIgniter\CodeIgniter->handleRequest(NULL, Object(Config\Cache), false)
#3 C:\wamp\www\readright\public\index.php(44): CodeIgniter\CodeIgniter->run()
#4 {main}
CRITICAL - 2021-03-08 02:48:10 --> Class 'App\Controllers\Firebase\JWT\JWT' not found
#0 C:\wamp\www\readright\system\CodeIgniter.php(936): App\Controllers\Auth->login()
#1 C:\wamp\www\readright\system\CodeIgniter.php(432): CodeIgniter\CodeIgniter->runController(Object(App\Controllers\Auth))
#2 C:\wamp\www\readright\system\CodeIgniter.php(333): CodeIgniter\CodeIgniter->handleRequest(NULL, Object(Config\Cache), false)
#3 C:\wamp\www\readright\public\index.php(44): CodeIgniter\CodeIgniter->run()
#4 {main}
CRITICAL - 2021-03-08 02:48:13 --> Class 'App\Controllers\Firebase\JWT\JWT' not found
#0 C:\wamp\www\readright\system\CodeIgniter.php(936): App\Controllers\Auth->login()
#1 C:\wamp\www\readright\system\CodeIgniter.php(432): CodeIgniter\CodeIgniter->runController(Object(App\Controllers\Auth))
#2 C:\wamp\www\readright\system\CodeIgniter.php(333): CodeIgniter\CodeIgniter->handleRequest(NULL, Object(Config\Cache), false)
#3 C:\wamp\www\readright\public\index.php(44): CodeIgniter\CodeIgniter->run()
#4 {main}
CRITICAL - 2021-03-08 02:48:59 --> Class 'App\Controllers\Firebase\JWT\JWT' not found
#0 C:\wamp\www\readright\system\CodeIgniter.php(936): App\Controllers\Auth->login()
#1 C:\wamp\www\readright\system\CodeIgniter.php(432): CodeIgniter\CodeIgniter->runController(Object(App\Controllers\Auth))
#2 C:\wamp\www\readright\system\CodeIgniter.php(333): CodeIgniter\CodeIgniter->handleRequest(NULL, Object(Config\Cache), false)
#3 C:\wamp\www\readright\public\index.php(44): CodeIgniter\CodeIgniter->run()
#4 {main}
CRITICAL - 2021-03-08 02:49:01 --> Class 'App\Controllers\Firebase\JWT\JWT' not found
#0 C:\wamp\www\readright\system\CodeIgniter.php(936): App\Controllers\Auth->login()
#1 C:\wamp\www\readright\system\CodeIgniter.php(432): CodeIgniter\CodeIgniter->runController(Object(App\Controllers\Auth))
#2 C:\wamp\www\readright\system\CodeIgniter.php(333): CodeIgniter\CodeIgniter->handleRequest(NULL, Object(Config\Cache), false)
#3 C:\wamp\www\readright\public\index.php(44): CodeIgniter\CodeIgniter->run()
#4 {main}
CRITICAL - 2021-03-08 02:54:51 --> Class 'App\Controllers\Firebase\JWT\JWT' not found
#0 C:\wamp\www\readright\system\CodeIgniter.php(936): App\Controllers\Auth->login()
#1 C:\wamp\www\readright\system\CodeIgniter.php(432): CodeIgniter\CodeIgniter->runController(Object(App\Controllers\Auth))
#2 C:\wamp\www\readright\system\CodeIgniter.php(333): CodeIgniter\CodeIgniter->handleRequest(NULL, Object(Config\Cache), false)
#3 C:\wamp\www\readright\public\index.php(44): CodeIgniter\CodeIgniter->run()
#4 {main}
CRITICAL - 2021-03-08 02:56:00 --> Class name must be a valid object or a string
#0 C:\wamp\www\readright\system\CodeIgniter.php(936): App\Controllers\Auth->login()
#1 C:\wamp\www\readright\system\CodeIgniter.php(432): CodeIgniter\CodeIgniter->runController(Object(App\Controllers\Auth))
#2 C:\wamp\www\readright\system\CodeIgniter.php(333): CodeIgniter\CodeIgniter->handleRequest(NULL, Object(Config\Cache), false)
#3 C:\wamp\www\readright\public\index.php(44): CodeIgniter\CodeIgniter->run()
#4 {main}
CRITICAL - 2021-03-08 02:56:31 --> Class 'Firebase\JWT\JWT' not found
#0 C:\wamp\www\readright\system\CodeIgniter.php(936): App\Controllers\Auth->login()
#1 C:\wamp\www\readright\system\CodeIgniter.php(432): CodeIgniter\CodeIgniter->runController(Object(App\Controllers\Auth))
#2 C:\wamp\www\readright\system\CodeIgniter.php(333): CodeIgniter\CodeIgniter->handleRequest(NULL, Object(Config\Cache), false)
#3 C:\wamp\www\readright\public\index.php(44): CodeIgniter\CodeIgniter->run()
#4 {main}
CRITICAL - 2021-03-08 03:01:01 --> Class 'Firebase\JWT\JWT' not found
#0 C:\wamp\www\readright\system\CodeIgniter.php(936): App\Controllers\Auth->login()
#1 C:\wamp\www\readright\system\CodeIgniter.php(432): CodeIgniter\CodeIgniter->runController(Object(App\Controllers\Auth))
#2 C:\wamp\www\readright\system\CodeIgniter.php(333): CodeIgniter\CodeIgniter->handleRequest(NULL, Object(Config\Cache), false)
#3 C:\wamp\www\readright\public\index.php(44): CodeIgniter\CodeIgniter->run()
#4 {main}
CRITICAL - 2021-03-08 03:18:05 --> Class 'App\Controllers\Firebase\JWT\JWT' not found
#0 C:\wamp\www\readright\system\CodeIgniter.php(936): App\Controllers\Auth->login()
#1 C:\wamp\www\readright\system\CodeIgniter.php(432): CodeIgniter\CodeIgniter->runController(Object(App\Controllers\Auth))
#2 C:\wamp\www\readright\system\CodeIgniter.php(333): CodeIgniter\CodeIgniter->handleRequest(NULL, Object(Config\Cache), false)
#3 C:\wamp\www\readright\public\index.php(44): CodeIgniter\CodeIgniter->run()
#4 {main}
CRITICAL - 2021-03-08 03:19:25 --> Class 'App\Controllers\Firebase\JWT\JWT' not found
#0 C:\wamp\www\readright\system\CodeIgniter.php(936): App\Controllers\Auth->login()
#1 C:\wamp\www\readright\system\CodeIgniter.php(432): CodeIgniter\CodeIgniter->runController(Object(App\Controllers\Auth))
#2 C:\wamp\www\readright\system\CodeIgniter.php(333): CodeIgniter\CodeIgniter->handleRequest(NULL, Object(Config\Cache), false)
#3 C:\wamp\www\readright\public\index.php(44): CodeIgniter\CodeIgniter->run()
#4 {main}
CRITICAL - 2021-03-08 03:19:28 --> Class 'App\Controllers\Firebase\JWT\JWT' not found
#0 C:\wamp\www\readright\system\CodeIgniter.php(936): App\Controllers\Auth->login()
#1 C:\wamp\www\readright\system\CodeIgniter.php(432): CodeIgniter\CodeIgniter->runController(Object(App\Controllers\Auth))
#2 C:\wamp\www\readright\system\CodeIgniter.php(333): CodeIgniter\CodeIgniter->handleRequest(NULL, Object(Config\Cache), false)
#3 C:\wamp\www\readright\public\index.php(44): CodeIgniter\CodeIgniter->run()
#4 {main}
CRITICAL - 2021-03-08 03:22:07 --> Class 'Firebase\JWT\JWT' not found
#0 C:\wamp\www\readright\system\CodeIgniter.php(936): App\Controllers\Auth->login()
#1 C:\wamp\www\readright\system\CodeIgniter.php(432): CodeIgniter\CodeIgniter->runController(Object(App\Controllers\Auth))
#2 C:\wamp\www\readright\system\CodeIgniter.php(333): CodeIgniter\CodeIgniter->handleRequest(NULL, Object(Config\Cache), false)
#3 C:\wamp\www\readright\public\index.php(44): CodeIgniter\CodeIgniter->run()
#4 {main}
CRITICAL - 2021-03-08 03:23:44 --> Class 'App\Controllers\Firebase\JWT\JWT' not found
#0 C:\wamp\www\readright\system\CodeIgniter.php(936): App\Controllers\Auth->login()
#1 C:\wamp\www\readright\system\CodeIgniter.php(432): CodeIgniter\CodeIgniter->runController(Object(App\Controllers\Auth))
#2 C:\wamp\www\readright\system\CodeIgniter.php(333): CodeIgniter\CodeIgniter->handleRequest(NULL, Object(Config\Cache), false)
#3 C:\wamp\www\readright\public\index.php(44): CodeIgniter\CodeIgniter->run()
#4 {main}
CRITICAL - 2021-03-08 03:24:40 --> Class 'App\Controllers\Firebase\JWT\JWT' not found
#0 C:\wamp\www\readright\system\CodeIgniter.php(936): App\Controllers\Auth->login()
#1 C:\wamp\www\readright\system\CodeIgniter.php(432): CodeIgniter\CodeIgniter->runController(Object(App\Controllers\Auth))
#2 C:\wamp\www\readright\system\CodeIgniter.php(333): CodeIgniter\CodeIgniter->handleRequest(NULL, Object(Config\Cache), false)
#3 C:\wamp\www\readright\public\index.php(44): CodeIgniter\CodeIgniter->run()
#4 {main}
CRITICAL - 2021-03-08 03:27:36 --> Class 'App\Controllers\Firebase\JWT\JWT' not found
#0 C:\wamp\www\readright\system\CodeIgniter.php(936): App\Controllers\Auth->login()
#1 C:\wamp\www\readright\system\CodeIgniter.php(432): CodeIgniter\CodeIgniter->runController(Object(App\Controllers\Auth))
#2 C:\wamp\www\readright\system\CodeIgniter.php(333): CodeIgniter\CodeIgniter->handleRequest(NULL, Object(Config\Cache), false)
#3 C:\wamp\www\readright\public\index.php(44): CodeIgniter\CodeIgniter->run()
#4 {main}
CRITICAL - 2021-03-08 03:27:59 --> Class 'App\Controllers\JWT' not found
#0 C:\wamp\www\readright\system\CodeIgniter.php(936): App\Controllers\Auth->login()
#1 C:\wamp\www\readright\system\CodeIgniter.php(432): CodeIgniter\CodeIgniter->runController(Object(App\Controllers\Auth))
#2 C:\wamp\www\readright\system\CodeIgniter.php(333): CodeIgniter\CodeIgniter->handleRequest(NULL, Object(Config\Cache), false)
#3 C:\wamp\www\readright\public\index.php(44): CodeIgniter\CodeIgniter->run()
#4 {main}
CRITICAL - 2021-03-08 07:11:44 --> Illegal offset type in isset or empty
#0 C:\wamp\www\readright\app\ThirdParty\Firebase\JWT\JWT.php(200): CodeIgniter\Debug\Exceptions->errorHandler(2, 'Illegal offset ...', 'C:\\wamp\\www\\rea...', 200, Array)
#1 C:\wamp\www\readright\app\ThirdParty\Firebase\JWT\JWT.php(180): Firebase\JWT\JWT::sign('eyJ0eXAiOiJKV1Q...', 'weiwo3489yh9Yh9...', Array)
#2 C:\wamp\www\readright\app\Controllers\Auth.php(107): Firebase\JWT\JWT::encode(Array, 'weiwo3489yh9Yh9...', Array)
#3 C:\wamp\www\readright\system\CodeIgniter.php(936): App\Controllers\Auth->login()
#4 C:\wamp\www\readright\system\CodeIgniter.php(432): CodeIgniter\CodeIgniter->runController(Object(App\Controllers\Auth))
#5 C:\wamp\www\readright\system\CodeIgniter.php(333): CodeIgniter\CodeIgniter->handleRequest(NULL, Object(Config\Cache), false)
#6 C:\wamp\www\readright\public\index.php(44): CodeIgniter\CodeIgniter->run()
#7 {main}
CRITICAL - 2021-03-08 07:12:05 --> Illegal offset type in isset or empty
#0 C:\wamp\www\readright\app\ThirdParty\Firebase\JWT\JWT.php(200): CodeIgniter\Debug\Exceptions->errorHandler(2, 'Illegal offset ...', 'C:\\wamp\\www\\rea...', 200, Array)
#1 C:\wamp\www\readright\app\ThirdParty\Firebase\JWT\JWT.php(180): Firebase\JWT\JWT::sign('eyJ0eXAiOiJKV1Q...', 'weiwo3489yh9Yh9...', Array)
#2 C:\wamp\www\readright\app\Controllers\Auth.php(107): Firebase\JWT\JWT::encode(Array, 'weiwo3489yh9Yh9...', Array)
#3 C:\wamp\www\readright\system\CodeIgniter.php(936): App\Controllers\Auth->login()
#4 C:\wamp\www\readright\system\CodeIgniter.php(432): CodeIgniter\CodeIgniter->runController(Object(App\Controllers\Auth))
#5 C:\wamp\www\readright\system\CodeIgniter.php(333): CodeIgniter\CodeIgniter->handleRequest(NULL, Object(Config\Cache), false)
#6 C:\wamp\www\readright\public\index.php(44): CodeIgniter\CodeIgniter->run()
#7 {main}
CRITICAL - 2021-03-08 10:38:17 --> syntax error, unexpected ')'
#0 C:\wamp\www\readright\system\Router\Router.php(170): CodeIgniter\Router\Router->autoRoute('posts')
#1 C:\wamp\www\readright\system\CodeIgniter.php(816): CodeIgniter\Router\Router->handle('posts')
#2 C:\wamp\www\readright\system\CodeIgniter.php(385): CodeIgniter\CodeIgniter->tryToRouteIt(Object(CodeIgniter\Router\RouteCollection))
#3 C:\wamp\www\readright\system\CodeIgniter.php(333): CodeIgniter\CodeIgniter->handleRequest(NULL, Object(Config\Cache), false)
#4 C:\wamp\www\readright\public\index.php(44): CodeIgniter\CodeIgniter->run()
#5 {main}
CRITICAL - 2021-03-08 10:46:13 --> syntax error, unexpected ']'
#0 C:\wamp\www\readright\system\Router\Router.php(170): CodeIgniter\Router\Router->autoRoute('posts')
#1 C:\wamp\www\readright\system\CodeIgniter.php(816): CodeIgniter\Router\Router->handle('posts')
#2 C:\wamp\www\readright\system\CodeIgniter.php(385): CodeIgniter\CodeIgniter->tryToRouteIt(Object(CodeIgniter\Router\RouteCollection))
#3 C:\wamp\www\readright\system\CodeIgniter.php(333): CodeIgniter\CodeIgniter->handleRequest(NULL, Object(Config\Cache), false)
#4 C:\wamp\www\readright\public\index.php(44): CodeIgniter\CodeIgniter->run()
#5 {main}
ERROR - 2021-03-08 10:51:19 --> mysqli_sql_exception: Column 'first_name' cannot be null in C:\wamp\www\readright\system\Database\MySQLi\Connection.php:314
Stack trace:
#0 C:\wamp\www\readright\system\Database\MySQLi\Connection.php(314): mysqli->query('INSERT INTO `us...')
#1 C:\wamp\www\readright\system\Database\BaseConnection.php(713): CodeIgniter\Database\MySQLi\Connection->execute('INSERT INTO `us...')
#2 C:\wamp\www\readright\system\Database\BaseConnection.php(641): CodeIgniter\Database\BaseConnection->simpleQuery('INSERT INTO `us...')
#3 C:\wamp\www\readright\system\Database\BaseBuilder.php(2263): CodeIgniter\Database\BaseConnection->query('INSERT INTO `us...', Array, false)
#4 C:\wamp\www\readright\app\Models\Auth_model.php(14): CodeIgniter\Database\BaseBuilder->insert(Array)
#5 C:\wamp\www\readright\app\Controllers\Auth.php(47): App\Models\Auth_model->register(Array)
#6 C:\wamp\www\readright\system\CodeIgniter.php(936): App\Controllers\Auth->register()
#7 C:\wamp\www\readright\system\CodeIgniter.php(432): CodeIgniter\CodeIgniter->runController(Object(App\Controllers\Auth))
#8 C:\wamp\www\readright\system\CodeIgniter.php(333): CodeIgniter\CodeIgniter->handleRequest(NULL, Object(Config\Cache), false)
#9 C:\wamp\www\readright\public\index.php(44): CodeIgniter\CodeIgniter->run()
#10 {main}
CRITICAL - 2021-03-08 10:53:10 --> Call to a member function post() on null
#0 C:\wamp\www\readright\system\CodeIgniter.php(936): App\Controllers\Auth->register()
#1 C:\wamp\www\readright\system\CodeIgniter.php(432): CodeIgniter\CodeIgniter->runController(Object(App\Controllers\Auth))
#2 C:\wamp\www\readright\system\CodeIgniter.php(333): CodeIgniter\CodeIgniter->handleRequest(NULL, Object(Config\Cache), false)
#3 C:\wamp\www\readright\public\index.php(44): CodeIgniter\CodeIgniter->run()
#4 {main}
ERROR - 2021-03-08 10:53:44 --> mysqli_sql_exception: Column 'first_name' cannot be null in C:\wamp\www\readright\system\Database\MySQLi\Connection.php:314
Stack trace:
#0 C:\wamp\www\readright\system\Database\MySQLi\Connection.php(314): mysqli->query('INSERT INTO `us...')
#1 C:\wamp\www\readright\system\Database\BaseConnection.php(713): CodeIgniter\Database\MySQLi\Connection->execute('INSERT INTO `us...')
#2 C:\wamp\www\readright\system\Database\BaseConnection.php(641): CodeIgniter\Database\BaseConnection->simpleQuery('INSERT INTO `us...')
#3 C:\wamp\www\readright\system\Database\BaseBuilder.php(2263): CodeIgniter\Database\BaseConnection->query('INSERT INTO `us...', Array, false)
#4 C:\wamp\www\readright\app\Models\Auth_model.php(14): CodeIgniter\Database\BaseBuilder->insert(Array)
#5 C:\wamp\www\readright\app\Controllers\Auth.php(47): App\Models\Auth_model->register(Array)
#6 C:\wamp\www\readright\system\CodeIgniter.php(936): App\Controllers\Auth->register()
#7 C:\wamp\www\readright\system\CodeIgniter.php(432): CodeIgniter\CodeIgniter->runController(Object(App\Controllers\Auth))
#8 C:\wamp\www\readright\system\CodeIgniter.php(333): CodeIgniter\CodeIgniter->handleRequest(NULL, Object(Config\Cache), false)
#9 C:\wamp\www\readright\public\index.php(44): CodeIgniter\CodeIgniter->run()
#10 {main}
ERROR - 2021-03-08 10:54:08 --> mysqli_sql_exception: Column 'first_name' cannot be null in C:\wamp\www\readright\system\Database\MySQLi\Connection.php:314
Stack trace:
#0 C:\wamp\www\readright\system\Database\MySQLi\Connection.php(314): mysqli->query('INSERT INTO `us...')
#1 C:\wamp\www\readright\system\Database\BaseConnection.php(713): CodeIgniter\Database\MySQLi\Connection->execute('INSERT INTO `us...')
#2 C:\wamp\www\readright\system\Database\BaseConnection.php(641): CodeIgniter\Database\BaseConnection->simpleQuery('INSERT INTO `us...')
#3 C:\wamp\www\readright\system\Database\BaseBuilder.php(2263): CodeIgniter\Database\BaseConnection->query('INSERT INTO `us...', Array, false)
#4 C:\wamp\www\readright\app\Models\Auth_model.php(14): CodeIgniter\Database\BaseBuilder->insert(Array)
#5 C:\wamp\www\readright\app\Controllers\Auth.php(47): App\Models\Auth_model->register(Array)
#6 C:\wamp\www\readright\system\CodeIgniter.php(936): App\Controllers\Auth->register()
#7 C:\wamp\www\readright\system\CodeIgniter.php(432): CodeIgniter\CodeIgniter->runController(Object(App\Controllers\Auth))
#8 C:\wamp\www\readright\system\CodeIgniter.php(333): CodeIgniter\CodeIgniter->handleRequest(NULL, Object(Config\Cache), false)
#9 C:\wamp\www\readright\public\index.php(44): CodeIgniter\CodeIgniter->run()
#10 {main}
ERROR - 2021-03-08 10:54:55 --> mysqli_sql_exception: Column 'first_name' cannot be null in C:\wamp\www\readright\system\Database\MySQLi\Connection.php:314
Stack trace:
#0 C:\wamp\www\readright\system\Database\MySQLi\Connection.php(314): mysqli->query('INSERT INTO `us...')
#1 C:\wamp\www\readright\system\Database\BaseConnection.php(713): CodeIgniter\Database\MySQLi\Connection->execute('INSERT INTO `us...')
#2 C:\wamp\www\readright\system\Database\BaseConnection.php(641): CodeIgniter\Database\BaseConnection->simpleQuery('INSERT INTO `us...')
#3 C:\wamp\www\readright\system\Database\BaseBuilder.php(2263): CodeIgniter\Database\BaseConnection->query('INSERT INTO `us...', Array, false)
#4 C:\wamp\www\readright\app\Models\Auth_model.php(14): CodeIgniter\Database\BaseBuilder->insert(Array)
#5 C:\wamp\www\readright\app\Controllers\Auth.php(48): App\Models\Auth_model->register(Array)
#6 C:\wamp\www\readright\system\CodeIgniter.php(936): App\Controllers\Auth->register()
#7 C:\wamp\www\readright\system\CodeIgniter.php(432): CodeIgniter\CodeIgniter->runController(Object(App\Controllers\Auth))
#8 C:\wamp\www\readright\system\CodeIgniter.php(333): CodeIgniter\CodeIgniter->handleRequest(NULL, Object(Config\Cache), false)
#9 C:\wamp\www\readright\public\index.php(44): CodeIgniter\CodeIgniter->run()
#10 {main}
ERROR - 2021-03-08 10:55:16 --> mysqli_sql_exception: Column 'last_name' cannot be null in C:\wamp\www\readright\system\Database\MySQLi\Connection.php:314
Stack trace:
#0 C:\wamp\www\readright\system\Database\MySQLi\Connection.php(314): mysqli->query('INSERT INTO `us...')
#1 C:\wamp\www\readright\system\Database\BaseConnection.php(713): CodeIgniter\Database\MySQLi\Connection->execute('INSERT INTO `us...')
#2 C:\wamp\www\readright\system\Database\BaseConnection.php(641): CodeIgniter\Database\BaseConnection->simpleQuery('INSERT INTO `us...')
#3 C:\wamp\www\readright\system\Database\BaseBuilder.php(2263): CodeIgniter\Database\BaseConnection->query('INSERT INTO `us...', Array, false)
#4 C:\wamp\www\readright\app\Models\Auth_model.php(14): CodeIgniter\Database\BaseBuilder->insert(Array)
#5 C:\wamp\www\readright\app\Controllers\Auth.php(49): App\Models\Auth_model->register(Array)
#6 C:\wamp\www\readright\system\CodeIgniter.php(936): App\Controllers\Auth->register()
#7 C:\wamp\www\readright\system\CodeIgniter.php(432): CodeIgniter\CodeIgniter->runController(Object(App\Controllers\Auth))
#8 C:\wamp\www\readright\system\CodeIgniter.php(333): CodeIgniter\CodeIgniter->handleRequest(NULL, Object(Config\Cache), false)
#9 C:\wamp\www\readright\public\index.php(44): CodeIgniter\CodeIgniter->run()
#10 {main}
ERROR - 2021-03-08 10:55:37 --> mysqli_sql_exception: Column 'last_name' cannot be null in C:\wamp\www\readright\system\Database\MySQLi\Connection.php:314
Stack trace:
#0 C:\wamp\www\readright\system\Database\MySQLi\Connection.php(314): mysqli->query('INSERT INTO `us...')
#1 C:\wamp\www\readright\system\Database\BaseConnection.php(713): CodeIgniter\Database\MySQLi\Connection->execute('INSERT INTO `us...')
#2 C:\wamp\www\readright\system\Database\BaseConnection.php(641): CodeIgniter\Database\BaseConnection->simpleQuery('INSERT INTO `us...')
#3 C:\wamp\www\readright\system\Database\BaseBuilder.php(2263): CodeIgniter\Database\BaseConnection->query('INSERT INTO `us...', Array, false)
#4 C:\wamp\www\readright\app\Models\Auth_model.php(14): CodeIgniter\Database\BaseBuilder->insert(Array)
#5 C:\wamp\www\readright\app\Controllers\Auth.php(49): App\Models\Auth_model->register(Array)
#6 C:\wamp\www\readright\system\CodeIgniter.php(936): App\Controllers\Auth->register()
#7 C:\wamp\www\readright\system\CodeIgniter.php(432): CodeIgniter\CodeIgniter->runController(Object(App\Controllers\Auth))
#8 C:\wamp\www\readright\system\CodeIgniter.php(333): CodeIgniter\CodeIgniter->handleRequest(NULL, Object(Config\Cache), false)
#9 C:\wamp\www\readright\public\index.php(44): CodeIgniter\CodeIgniter->run()
#10 {main}
